<?xml version="1.0" encoding="UTF-8"?>
<!-- Generated by org.testng.reporters.JUnitXMLReporter -->
<testsuite ignored="0" hostname="DESKTOP-NCNFOER" failures="0" tests="4" name="TutorialNinja Tests" time="52.322" errors="0" timestamp="2025-07-06T12:17:02 EDT">
  <testcase classname="com.tutorialninja.Login_TN" name="validLoginTest" time="1.936"/>
  <testcase classname="com.tutorialninja.Register_TN" name="registerNewUserTest" time="2.613"/>
  <testcase classname="com.tutorialninja.SearchProduct_TN" name="searchProductTest" time="1.107"/>
  <testcase classname="com.tutorialninja.AddProductCheckoutTest" name="addProductAndCompleteCheckout" time="19.577"/>
</testsuite> <!-- TutorialNinja Tests -->
