<?xml version="1.0" encoding="UTF-8"?>
<testng-results ignored="0" total="1" passed="1" failed="0" skipped="0">
  <reporter-output>
  </reporter-output>
  <suite started-at="2025-06-21T15:52:09 EDT" name="Default suite" finished-at="2025-06-21T15:52:37 EDT" duration-ms="28149">
    <groups>
    </groups>
    <test started-at="2025-06-21T15:52:09 EDT" name="Default test" finished-at="2025-06-21T15:52:37 EDT" duration-ms="28149">
      <class name="com.tutorialninja.base.AddProductCheckoutTest">
        <test-method is-config="true" signature="setUp()[pri:0, instance:com.tutorialninja.base.AddProductCheckoutTest@397fbdb]" started-at="2025-06-21T15:52:09 EDT" name="setUp" finished-at="2025-06-21T15:52:18 EDT" duration-ms="9140" status="PASS">
          <reporter-output>
          </reporter-output>
        </test-method> <!-- setUp -->
        <test-method signature="addProductAndCompleteCheckout()[pri:0, instance:com.tutorialninja.base.AddProductCheckoutTest@397fbdb]" started-at="2025-06-21T15:52:18 EDT" name="addProductAndCompleteCheckout" finished-at="2025-06-21T15:52:37 EDT" duration-ms="18468" status="PASS">
          <reporter-output>
          </reporter-output>
        </test-method> <!-- addProductAndCompleteCheckout -->
        <test-method is-config="true" signature="tearDown()[pri:0, instance:com.tutorialninja.base.AddProductCheckoutTest@397fbdb]" started-at="2025-06-21T15:52:37 EDT" name="tearDown" finished-at="2025-06-21T15:52:37 EDT" duration-ms="427" status="PASS">
          <reporter-output>
          </reporter-output>
        </test-method> <!-- tearDown -->
      </class> <!-- com.tutorialninja.base.AddProductCheckoutTest -->
    </test> <!-- Default test -->
  </suite> <!-- Default suite -->
</testng-results>
